Tue, 17 Mar 2015 11:18:13 FbxParser.py INFO parse arguments...
Tue, 17 Mar 2015 11:18:13 FbxParser.py INFO scane current directory:/Users/Neil/Documents/xcodeworkpace/fbxparser/flash3d-fbx-stage3d-python
Tue, 17 Mar 2015 11:18:13 FbxParser.py INFO find fbx file: /Users/Neil/Documents/xcodeworkpace/fbxparser/flash3d-fbx-stage3d-python/Samples/bin-debug/test0/Test22.FBX
Tue, 17 Mar 2015 11:18:13 FbxParser.py INFO find fbx file: /Users/Neil/Documents/xcodeworkpace/fbxparser/flash3d-fbx-stage3d-python/Samples/bin-debug/test1/akali.fbx
Tue, 17 Mar 2015 11:18:13 FbxParser.py INFO find fbx file: /Users/Neil/Documents/xcodeworkpace/fbxparser/flash3d-fbx-stage3d-python/Samples/bin-debug/test1/box1.FBX
Tue, 17 Mar 2015 11:18:13 FbxParser.py INFO find fbx file: /Users/Neil/Documents/xcodeworkpace/fbxparser/flash3d-fbx-stage3d-python/Samples/bin-debug/test1/nvhai.FBX
Tue, 17 Mar 2015 11:18:13 FbxParser.py INFO parse fbx file:/Users/Neil/Documents/xcodeworkpace/fbxparser/flash3d-fbx-stage3d-python/Samples/bin-debug/test0/Test22.FBX
Tue, 17 Mar 2015 11:18:13 FbxParser.py INFO parse cameras...
Tue, 17 Mar 2015 11:18:13 FbxParser.py INFO 	camera num:1
Tue, 17 Mar 2015 11:18:13 FbxParser.py INFO parse camera...
Tue, 17 Mar 2015 11:18:13 FbxParser.py INFO 	Camera001
Tue, 17 Mar 2015 11:18:13 FbxParser.py INFO 	Aspect Width: 640.000000
Tue, 17 Mar 2015 11:18:13 FbxParser.py INFO 	Aspect Height:480.000000
Tue, 17 Mar 2015 11:18:13 FbxParser.py INFO 	Near         :10.000000
Tue, 17 Mar 2015 11:18:13 FbxParser.py INFO 	Far          :4000.000000
Tue, 17 Mar 2015 11:18:13 FbxParser.py INFO 	FieldOfView  :54.432226
Tue, 17 Mar 2015 11:18:13 FbxParser.py INFO 	parse meshes...
Tue, 17 Mar 2015 11:18:13 FbxParser.py INFO 	mesh num:5
Tue, 17 Mar 2015 11:18:13 FbxParser.py INFO 	parse mesh...
Tue, 17 Mar 2015 11:18:13 FbxParser.py INFO 	Plane001
Tue, 17 Mar 2015 11:18:13 FbxParser.py INFO 	parse transform...
Tue, 17 Mar 2015 11:18:13 FbxParser.py INFO 	Transform Matrix: TX:0.000000	TY:0.000000	TZ:0.000000
Tue, 17 Mar 2015 11:18:13 FbxParser.py INFO 	Transform Matrix: RX:0.000000	RY:-0.000000	RZ:0.000000
Tue, 17 Mar 2015 11:18:13 FbxParser.py INFO 	Transform Matrix: SX:1.000000	SY:1.000000	SZ:1.000000
Tue, 17 Mar 2015 11:18:13 FbxParser.py INFO 	Transform Matrix: RawData:[1.0, 0.0, 0.0, 0.0, 0.0, 1.0, 0.0, 0.0, 0.0, 0.0, 1.0, 0.0, 0.0, 0.0, 0.0, 1.0]
Tue, 17 Mar 2015 11:18:13 FbxParser.py INFO 	parse indices...
Tue, 17 Mar 2015 11:18:13 FbxParser.py INFO 	triangle num:2
Tue, 17 Mar 2015 11:18:13 FbxParser.py INFO 	parse vertex...
Tue, 17 Mar 2015 11:18:13 FbxParser.py INFO 	vetex num:6
Tue, 17 Mar 2015 11:18:13 FbxParser.py INFO 	bounds:Min[-300.000000 -0.000000 -300.000000] Max:[300.000000 0.000000 300.000000]
Tue, 17 Mar 2015 11:18:13 FbxParser.py INFO 	parse materials...
Tue, 17 Mar 2015 11:18:13 FbxParser.py INFO 	parse mesh...
Tue, 17 Mar 2015 11:18:13 FbxParser.py INFO 	Box001
Tue, 17 Mar 2015 11:18:13 FbxParser.py INFO 	parse transform...
Tue, 17 Mar 2015 11:18:13 FbxParser.py INFO 	Transform Matrix: TX:0.000000	TY:0.000000	TZ:0.000000
Tue, 17 Mar 2015 11:18:13 FbxParser.py INFO 	Transform Matrix: RX:0.000000	RY:-0.000000	RZ:0.000000
Tue, 17 Mar 2015 11:18:13 FbxParser.py INFO 	Transform Matrix: SX:1.000000	SY:1.000000	SZ:1.000000
Tue, 17 Mar 2015 11:18:13 FbxParser.py INFO 	Transform Matrix: RawData:[1.0, 0.0, 0.0, 0.0, 0.0, 1.0, 0.0, 0.0, 0.0, 0.0, 1.0, 0.0, 0.0, 0.0, 0.0, 1.0]
Tue, 17 Mar 2015 11:18:13 FbxParser.py INFO 	parse indices...
Tue, 17 Mar 2015 11:18:13 FbxParser.py INFO 	triangle num:12
Tue, 17 Mar 2015 11:18:13 FbxParser.py INFO 	parse vertex...
Tue, 17 Mar 2015 11:18:13 FbxParser.py INFO 	vetex num:36
Tue, 17 Mar 2015 11:18:13 FbxParser.py INFO 	bounds:Min[-17.449750 -0.000000 23.735912] Max:[17.449750 34.899499 58.635411]
Tue, 17 Mar 2015 11:18:13 FbxParser.py INFO 	parse materials...
Tue, 17 Mar 2015 11:18:13 FbxParser.py INFO 	parse mesh...
Tue, 17 Mar 2015 11:18:13 FbxParser.py INFO 	Sphere001
Tue, 17 Mar 2015 11:18:13 FbxParser.py INFO 	parse transform...
Tue, 17 Mar 2015 11:18:13 FbxParser.py INFO 	Transform Matrix: TX:0.000000	TY:0.000000	TZ:-0.000000
Tue, 17 Mar 2015 11:18:13 FbxParser.py INFO 	Transform Matrix: RX:0.000000	RY:0.000000	RZ:-0.000000
Tue, 17 Mar 2015 11:18:13 FbxParser.py INFO 	Transform Matrix: SX:1.000000	SY:1.000000	SZ:1.000000
Tue, 17 Mar 2015 11:18:13 FbxParser.py INFO 	Transform Matrix: RawData:[1.0, -1.5948940325902932e-40, -3.773734404500483e-49, 0.0, 3.0814879110195774e-33, 1.0, 1.232595164407831e-32, 0.0, 0.0, 1.232595164407831e-32, 1.0, 0.0, 0.0, 0.0, -5.382117551063505e-16, 1.0]
Tue, 17 Mar 2015 11:18:13 FbxParser.py INFO 	parse indices...
Tue, 17 Mar 2015 11:18:13 FbxParser.py INFO 	triangle num:3968
Tue, 17 Mar 2015 11:18:13 FbxParser.py INFO 	parse vertex...
Tue, 17 Mar 2015 11:18:13 FbxParser.py INFO 	vetex num:11904
Tue, 17 Mar 2015 11:18:13 FbxParser.py INFO 	bounds:Min[14.862301 0.220444 -19.982568] Max:[54.827442 40.220444 19.982572]
Tue, 17 Mar 2015 11:18:13 FbxParser.py INFO 	parse materials...
Tue, 17 Mar 2015 11:18:13 FbxParser.py INFO 	parse mesh...
Tue, 17 Mar 2015 11:18:13 FbxParser.py INFO 	Cone001
Tue, 17 Mar 2015 11:18:13 FbxParser.py INFO 	parse transform...
Tue, 17 Mar 2015 11:18:13 FbxParser.py INFO 	Transform Matrix: TX:0.000000	TY:0.000000	TZ:0.000000
Tue, 17 Mar 2015 11:18:13 FbxParser.py INFO 	Transform Matrix: RX:0.000000	RY:-0.000000	RZ:0.000000
Tue, 17 Mar 2015 11:18:13 FbxParser.py INFO 	Transform Matrix: SX:1.000000	SY:1.000000	SZ:1.000000
Tue, 17 Mar 2015 11:18:13 FbxParser.py INFO 	Transform Matrix: RawData:[1.0, 0.0, 0.0, 0.0, 0.0, 1.0, 0.0, 0.0, 0.0, 0.0, 1.0, 0.0, 0.0, 0.0, 0.0, 1.0]
Tue, 17 Mar 2015 11:18:13 FbxParser.py INFO 	parse indices...
Tue, 17 Mar 2015 11:18:13 FbxParser.py INFO 	triangle num:256
Tue, 17 Mar 2015 11:18:13 FbxParser.py INFO 	parse vertex...
Tue, 17 Mar 2015 11:18:13 FbxParser.py INFO 	vetex num:768
Tue, 17 Mar 2015 11:18:13 FbxParser.py INFO 	bounds:Min[-72.319885 -0.000000 -29.736969] Max:[-12.319885 60.000000 30.263031]
Tue, 17 Mar 2015 11:18:13 FbxParser.py INFO 	parse materials...
Tue, 17 Mar 2015 11:18:13 FbxParser.py INFO 	parse mesh...
Tue, 17 Mar 2015 11:18:13 FbxParser.py INFO 	Box002
Tue, 17 Mar 2015 11:18:13 FbxParser.py INFO 	parse transform...
Tue, 17 Mar 2015 11:18:13 FbxParser.py INFO 	Transform Matrix: TX:0.000000	TY:0.000000	TZ:0.000000
Tue, 17 Mar 2015 11:18:13 FbxParser.py INFO 	Transform Matrix: RX:0.000000	RY:-0.000000	RZ:0.000000
Tue, 17 Mar 2015 11:18:13 FbxParser.py INFO 	Transform Matrix: SX:1.000000	SY:1.000000	SZ:1.000000
Tue, 17 Mar 2015 11:18:13 FbxParser.py INFO 	Transform Matrix: RawData:[1.0, 0.0, 0.0, 0.0, 0.0, 1.0, 0.0, 0.0, 0.0, 0.0, 1.0, 0.0, 0.0, 0.0, 0.0, 1.0]
Tue, 17 Mar 2015 11:18:13 FbxParser.py INFO 	parse indices...
Tue, 17 Mar 2015 11:18:13 FbxParser.py INFO 	triangle num:12
Tue, 17 Mar 2015 11:18:13 FbxParser.py INFO 	parse vertex...
Tue, 17 Mar 2015 11:18:13 FbxParser.py INFO 	vetex num:36
Tue, 17 Mar 2015 11:18:13 FbxParser.py INFO 	bounds:Min[-25.000000 0.000000 -116.427124] Max:[25.000000 50.000000 -66.427124]
Tue, 17 Mar 2015 11:18:13 FbxParser.py INFO 	parse materials...
Tue, 17 Mar 2015 11:18:13 FbxParser.py INFO parse fbx file:/Users/Neil/Documents/xcodeworkpace/fbxparser/flash3d-fbx-stage3d-python/Samples/bin-debug/test1/akali.fbx
Tue, 17 Mar 2015 11:18:13 FbxParser.py INFO parse cameras...
Tue, 17 Mar 2015 11:18:13 FbxParser.py INFO 	camera num:0
Tue, 17 Mar 2015 11:18:13 FbxParser.py INFO 	parse meshes...
Tue, 17 Mar 2015 11:18:13 FbxParser.py INFO 	mesh num:1
Tue, 17 Mar 2015 11:18:13 FbxParser.py INFO 	parse mesh...
Tue, 17 Mar 2015 11:18:13 FbxParser.py INFO 	transformAkali_nurse
Tue, 17 Mar 2015 11:18:13 FbxParser.py INFO 	parse transform...
Tue, 17 Mar 2015 11:18:13 FbxParser.py INFO 	Transform Matrix: TX:0.000000	TY:0.000000	TZ:0.000000
Tue, 17 Mar 2015 11:18:13 FbxParser.py INFO 	Transform Matrix: RX:0.000000	RY:-0.000000	RZ:0.000000
Tue, 17 Mar 2015 11:18:13 FbxParser.py INFO 	Transform Matrix: SX:1.000000	SY:1.000000	SZ:1.000000
Tue, 17 Mar 2015 11:18:13 FbxParser.py INFO 	Transform Matrix: RawData:[1.0, 0.0, 0.0, 0.0, 0.0, 1.0, 0.0, 0.0, 0.0, 0.0, 1.0, 0.0, 0.0, 0.0, 0.0, 1.0]
Tue, 17 Mar 2015 11:18:13 FbxParser.py INFO 	parse indices...
Tue, 17 Mar 2015 11:18:13 FbxParser.py INFO 	triangle num:2675
Tue, 17 Mar 2015 11:18:13 FbxParser.py INFO 	parse vertex...
Tue, 17 Mar 2015 11:18:13 FbxParser.py INFO 	vetex num:8025
Tue, 17 Mar 2015 11:18:13 FbxParser.py INFO 	bounds:Min[-80.905693 -0.135428 -113.131508] Max:[37.745018 117.624741 58.884430]
Tue, 17 Mar 2015 11:18:13 FbxParser.py INFO 	parse materials...
Tue, 17 Mar 2015 11:18:13 FbxParser.py INFO 	DiffuseColor -> DiffuseColor
Tue, 17 Mar 2015 11:18:13 FbxParser.py INFO parse fbx file:/Users/Neil/Documents/xcodeworkpace/fbxparser/flash3d-fbx-stage3d-python/Samples/bin-debug/test1/box1.FBX
Tue, 17 Mar 2015 11:18:13 FbxParser.py INFO parse cameras...
Tue, 17 Mar 2015 11:18:13 FbxParser.py INFO 	camera num:0
Tue, 17 Mar 2015 11:18:13 FbxParser.py INFO 	parse meshes...
Tue, 17 Mar 2015 11:18:13 FbxParser.py INFO 	mesh num:1
Tue, 17 Mar 2015 11:18:13 FbxParser.py INFO 	parse mesh...
Tue, 17 Mar 2015 11:18:13 FbxParser.py INFO 	Box001
Tue, 17 Mar 2015 11:18:13 FbxParser.py INFO 	parse transform...
Tue, 17 Mar 2015 11:18:13 FbxParser.py INFO 	Transform Matrix: TX:0.000000	TY:0.000000	TZ:0.000000
Tue, 17 Mar 2015 11:18:13 FbxParser.py INFO 	Transform Matrix: RX:0.000000	RY:-0.000000	RZ:0.000000
Tue, 17 Mar 2015 11:18:13 FbxParser.py INFO 	Transform Matrix: SX:1.000000	SY:1.000000	SZ:1.000000
Tue, 17 Mar 2015 11:18:13 FbxParser.py INFO 	Transform Matrix: RawData:[1.0, 0.0, 0.0, 0.0, 0.0, 1.0, 0.0, 0.0, 0.0, 0.0, 1.0, 0.0, 0.0, 0.0, 0.0, 1.0]
Tue, 17 Mar 2015 11:18:13 FbxParser.py INFO 	parse indices...
Tue, 17 Mar 2015 11:18:13 FbxParser.py INFO 	triangle num:12
Tue, 17 Mar 2015 11:18:13 FbxParser.py INFO 	parse vertex...
Tue, 17 Mar 2015 11:18:13 FbxParser.py INFO 	vetex num:36
Tue, 17 Mar 2015 11:18:13 FbxParser.py INFO 	bounds:Min[-195.124202 -0.000000 -196.868118] Max:[198.576588 39.370079 196.832672]
Tue, 17 Mar 2015 11:18:13 FbxParser.py INFO 	parse materials...
Tue, 17 Mar 2015 11:18:13 FbxParser.py INFO parse fbx file:/Users/Neil/Documents/xcodeworkpace/fbxparser/flash3d-fbx-stage3d-python/Samples/bin-debug/test1/nvhai.FBX
Tue, 17 Mar 2015 11:18:13 FbxParser.py INFO parse cameras...
Tue, 17 Mar 2015 11:18:13 FbxParser.py INFO 	camera num:0
Tue, 17 Mar 2015 11:18:13 FbxParser.py INFO 	parse meshes...
Tue, 17 Mar 2015 11:18:13 FbxParser.py INFO 	mesh num:3
Tue, 17 Mar 2015 11:18:13 FbxParser.py INFO 	parse mesh...
Tue, 17 Mar 2015 11:18:13 FbxParser.py INFO 	boo1
Tue, 17 Mar 2015 11:18:13 FbxParser.py INFO 	parse transform...
Tue, 17 Mar 2015 11:18:13 FbxParser.py INFO 	Transform Matrix: TX:0.000000	TY:0.000000	TZ:0.000000
Tue, 17 Mar 2015 11:18:13 FbxParser.py INFO 	Transform Matrix: RX:0.000000	RY:-0.000000	RZ:0.000000
Tue, 17 Mar 2015 11:18:13 FbxParser.py INFO 	Transform Matrix: SX:1.000000	SY:1.000000	SZ:1.000000
Tue, 17 Mar 2015 11:18:13 FbxParser.py INFO 	Transform Matrix: RawData:[1.0, 0.0, 0.0, 0.0, 0.0, 1.0, 0.0, 0.0, 0.0, 0.0, 1.0, 0.0, 0.0, 0.0, 0.0, 1.0]
Tue, 17 Mar 2015 11:18:13 FbxParser.py INFO 	parse indices...
Tue, 17 Mar 2015 11:18:13 FbxParser.py INFO 	triangle num:848
Tue, 17 Mar 2015 11:18:13 FbxParser.py INFO 	parse vertex...
Tue, 17 Mar 2015 11:18:13 FbxParser.py INFO 	vetex num:2544
Tue, 17 Mar 2015 11:18:13 FbxParser.py INFO 	bounds:Min[-10.775901 -0.028886 -3.202643] Max:[10.776019 35.384944 3.304410]
Tue, 17 Mar 2015 11:18:13 FbxParser.py INFO 	parse materials...
Tue, 17 Mar 2015 11:18:13 FbxParser.py INFO 	DiffuseColor -> DiffuseColor
Tue, 17 Mar 2015 11:18:13 FbxParser.py INFO 	parse mesh...
Tue, 17 Mar 2015 11:18:13 FbxParser.py INFO 	_weapon01
Tue, 17 Mar 2015 11:18:13 FbxParser.py INFO 	parse transform...
Tue, 17 Mar 2015 11:18:13 FbxParser.py INFO 	Transform Matrix: TX:4.880079	TY:18.802457	TZ:0.012467
Tue, 17 Mar 2015 11:18:13 FbxParser.py INFO 	Transform Matrix: RX:177.249509	RY:12.433124	RZ:-85.624052
Tue, 17 Mar 2015 11:18:13 FbxParser.py INFO 	Transform Matrix: SX:1.000000	SY:1.000000	SZ:1.000000
Tue, 17 Mar 2015 11:18:13 FbxParser.py INFO 	Transform Matrix: RawData:[0.07451107872546356, -0.9737012541710883, -0.21529994667935215, 0.0, -0.9951480553684852, -0.08651399985639885, 0.04686131137321332, 0.0, -0.06425529517613668, 0.21076343656443802, -0.9754231713041379, 0.0, 4.880078764083663, 18.802457225150786, 0.012467348658404376, 1.0]
Tue, 17 Mar 2015 11:18:13 FbxParser.py INFO 	parse indices...
Tue, 17 Mar 2015 11:18:13 FbxParser.py INFO 	triangle num:56
Tue, 17 Mar 2015 11:18:13 FbxParser.py INFO 	parse vertex...
Tue, 17 Mar 2015 11:18:13 FbxParser.py INFO 	vetex num:168
Tue, 17 Mar 2015 11:18:13 FbxParser.py INFO 	bounds:Min[-2.813949 -2.501547 -4.611039] Max:[6.443867 1.859123 5.414479]
Tue, 17 Mar 2015 11:18:13 FbxParser.py INFO 	parse materials...
Tue, 17 Mar 2015 11:18:13 FbxParser.py INFO 	parse mesh...
Tue, 17 Mar 2015 11:18:13 FbxParser.py INFO 	_weapon00
Tue, 17 Mar 2015 11:18:13 FbxParser.py INFO 	parse transform...
Tue, 17 Mar 2015 11:18:13 FbxParser.py INFO 	Transform Matrix: TX:-4.502660	TY:19.009664	TZ:0.230368
Tue, 17 Mar 2015 11:18:13 FbxParser.py INFO 	Transform Matrix: RX:6.956261	RY:22.044081	RZ:-96.070649
Tue, 17 Mar 2015 11:18:13 FbxParser.py INFO 	Transform Matrix: SX:1.000000	SY:1.000000	SZ:1.000000
Tue, 17 Mar 2015 11:18:13 FbxParser.py INFO 	Transform Matrix: RawData:[-0.09802353094911356, -0.9216975546833889, -0.3753198112629248, 0.0, 0.982265137385515, -0.15017686956047277, 0.1122577804322574, 0.0, -0.15983202033116378, -0.35765957608864507, 0.9200723904847936, 0.0, -4.5026600472921645, 19.009664448468758, 0.23036801240693672, 1.0]
Tue, 17 Mar 2015 11:18:13 FbxParser.py INFO 	parse indices...
Tue, 17 Mar 2015 11:18:13 FbxParser.py INFO 	triangle num:60
Tue, 17 Mar 2015 11:18:13 FbxParser.py INFO 	parse vertex...
Tue, 17 Mar 2015 11:18:13 FbxParser.py INFO 	vetex num:180
Tue, 17 Mar 2015 11:18:13 FbxParser.py INFO 	bounds:Min[0.253754 -0.050958 -13.818485] Max:[3.088953 0.989742 1.786006]
Tue, 17 Mar 2015 11:18:13 FbxParser.py INFO 	parse materials...
Tue, 17 Mar 2015 11:18:13 FbxParser.py INFO ʕ•̫͡•ʕ*̫͡*ʕ
